data.py : an example csv reader script.

based on the original script (data.lua) by Tim Menzies <timm@ieee.org>

USAGE:   data.lua  [OPTIONS] [-g ACTION]
OPTIONS:
  -d  --dump  on crash, dump stack = false
  -f  --file  name of file         = ../etc/data/auto93.csv
  -g  --go    start-up action      = data
  -h  --help  show help            = false
  -s  --seed  random number seed   = 937162211
]]
Executing tests...


test_csv: PASS

test_show_dump: PASS

test_syms: PASS

test_nums: PASS


test_data: PASS

y	mid	{ :Lbs- 2970.42 :Acc+ 15.57 :Mpg+ 23.84}
 	div	{ :Lbs- 846.84 :Acc+ 2.76 :Mpg+ 8.34}
x	mid	{ :Clndrs 5.45 :Volume 193.43 :Model 76.01 :origin 1}
 	div	{ :Clndrs 1.7 :Volume 104.27 :Model 3.7 :origin 1.3273558482394003}

test_show_dump: PASS

Passing: 6
Failing: 0
